<?xml version="1.0" encoding="UTF-8"?>
<testng-results ignored="0" total="1" passed="1" failed="0" skipped="0">
  <reporter-output>
  </reporter-output>
  <suite started-at="2024-04-24T09:00:25 EDT" name="Default suite" finished-at="2024-04-24T09:01:43 EDT" duration-ms="77986">
    <groups>
    </groups>
    <test started-at="2024-04-24T09:00:25 EDT" name="Default test" finished-at="2024-04-24T09:01:43 EDT" duration-ms="77986">
      <class name="com.Pains.sa.SL_pain.testetst">
        <test-method signature="tom()[pri:0, instance:com.Pains.sa.SL_pain.testetst@58695725]" started-at="2024-04-24T09:00:25 EDT" name="tom" finished-at="2024-04-24T09:01:43 EDT" duration-ms="77711" status="PASS">
          <reporter-output>
          </reporter-output>
        </test-method> <!-- tom -->
      </class> <!-- com.Pains.sa.SL_pain.testetst -->
    </test> <!-- Default test -->
  </suite> <!-- Default suite -->
</testng-results>
