<?xml version="1.0" encoding="UTF-8"?>
<testng-results ignored="0" total="1" passed="1" failed="0" skipped="0">
  <reporter-output>
  </reporter-output>
  <suite started-at="2024-05-07T07:56:23 EDT" name="Default suite" finished-at="2024-05-07T07:56:39 EDT" duration-ms="16169">
    <groups>
    </groups>
    <test started-at="2024-05-07T07:56:23 EDT" name="Default test" finished-at="2024-05-07T07:56:39 EDT" duration-ms="16169">
      <class name="com.drop.ha.drop_down.framedemo">
        <test-method signature="ga()[pri:0, instance:com.drop.ha.drop_down.framedemo@fa49800]" started-at="2024-05-07T07:56:23 EDT" name="ga" finished-at="2024-05-07T07:56:39 EDT" duration-ms="16114" status="PASS">
          <reporter-output>
          </reporter-output>
        </test-method> <!-- ga -->
      </class> <!-- com.drop.ha.drop_down.framedemo -->
    </test> <!-- Default test -->
  </suite> <!-- Default suite -->
</testng-results>
